Zilog eZ80 Macro Assembler Version 4.1 (10060805)08-Aug-11     17:44:25     page:   1


PC     Object              I  Line    Source 
                           A     1    
                           A     2    ; Command: envers - makes environment variables
                           A     3    
                           A     4    ;----------------------------------------------
                           A     5    
       00000000            A     6    amoeba_version_req	equ	0				; 0 = d
       00000000            A     7    prose_version_req	equ 0				; 0 = d
       00000001            A     8    ADL_mode			equ 1				; 0 if 
       00010000            A     9    load_location		equ 10000h			; anywh
                           A    10    
                           B     0    			include	'PROSE_header.asm'
                           B     1    ;--- EZ80 Internal CPU Ports ------------------
                           B     2    
       0000009A            B     3    PB_DR			equ 09ah
       0000009B            B     4    PB_DDR			equ 09bh
       0000009C            B     5    PB_ALT1			equ 09ch
       0000009D            B     6    PB_ALT2			equ 09dh
                           B     7    
       0000009E            B     8    PC_DR			equ 09eh
       0000009F            B     9    PC_DDR			equ 09fh
       000000A0            B    10    PC_ALT1			equ 0a0h
       000000A1            B    11    PC_ALT2			equ 0a1h
                           B    12    
       000000A2            B    13    PD_DR			equ 0a2h
       000000A3            B    14    PD_DDR			equ 0a3h
       000000A4            B    15    PD_ALT1			equ 0a4h
       000000A5            B    16    PD_ALT2			equ 0a5h
                           B    17    
       000000C0            B    18    UART0_RBR		equ 0c0h
       000000C0            B    19    UART0_THR		equ 0c0h
       000000C0            B    20    UART0_BRG_L		equ 0c0h
       000000C1            B    21    UART0_BRG_H		equ 0c1h
       000000C1            B    22    UART0_IER		equ 0c1h
       000000C2            B    23    UART0_FCTL		equ 0c2h
       000000C3            B    24    UART0_LCTL		equ 0c3h
       000000C4            B    25    UART0_MCTL		equ 0c4h
       000000C5            B    26    UART0_LSR		equ 0c5h
       000000C6            B    27    UART0_MSR		equ 0c6h
                           B    28    
       000000A8            B    29    CS0_LBR			equ 0a8h			;eZ80 wait 
       000000A9            B    30    CS0_UBR			equ 0a9h
       000000AA            B    31    CS0_CTL			equ 0aah			
       000000AB            B    32    CS1_LBR			equ 0abh			;eZ80 wait 
       000000AC            B    33    CS1_UBR			equ 0ach
       000000AD            B    34    CS1_CTL			equ 0adh
       000000AE            B    35    CS2_LBR			equ 0aeh			;eZ80 wait 
       000000AF            B    36    CS2_UBR			equ 0afh
       000000B0            B    37    CS2_CTL			equ 0b0h
       000000B1            B    38    CS3_LBR			equ 0b1h			;eZ80 wait 
       000000B2            B    39    CS3_UBR			equ 0b2h
       000000B3            B    40    CS3_CTL			equ 0b3h
                           B    41    
Zilog eZ80 Macro Assembler Version 4.1 (10060805)08-Aug-11     17:44:25     page:   2


PC     Object              I  Line    Source ..\..\..\..\Includes\PROSE_header.asm
       00000080            B    42    TMR0_CTL		equ 080h			;timer 0 eq
       00000081            B    43    TMR0_DR_L		equ 081h
       00000081            B    44    TMR0_RR_L		equ 081h
       00000082            B    45    TMR0_DR_H		equ 082h
       00000082            B    46    TMR0_RR_H		equ 082h
       00000092            B    47    TMR_ISS			equ 092h
                           B    48    
       000000ED            B    49    RTC_CTRL		equ 0edh			;RTC equate
       000000EC            B    50    RTC_ACTRL		equ 0ech
       000000E0            B    51    RTC_SEC			equ 0e0h
       000000E1            B    52    RTC_MIN			equ 0e1h
       000000E2            B    53    RTC_HRS			equ 0e2h
       000000E3            B    54    RTC_DOW			equ 0e3h
       000000E4            B    55    RTC_DOM			equ 0e4h
       000000E5            B    56    RTC_MON			equ 0e5h
       000000E6            B    57    RTC_YR			equ 0e6h
       000000E7            B    58    RTC_CEN			equ 0e7h
                           B    59    
                           B    60    ;-- EZ80P Hardware equates --------------------
                           B    61    
       00000000            B    62    port_pic_data  			equ 000h
       00000001            B    63    port_pic_ctrl			equ 001h
       00000001            B    64    port_hw_flags			equ 001h
       00000002            B    65    port_sdc_ctrl			equ 002h	; this is a
       00000002            B    66    port_keyboard_data		equ 002h
       00000003            B    67    port_sdc_data		 	equ 003h	
       00000004            B    68    port_memory_paging		equ 004h
       00000005            B    69    port_irq_ctrl			equ 005h
       00000005            B    70    port_irq_flags			equ 005h
       00000006            B    71    port_nmi_ack			equ 006h
       00000007            B    72    port_ps2_ctrl			equ 007h
       00000008            B    73    port_selector			equ 008h
       00000006            B    74    port_mouse_data			equ 006h
       00000009            B    75    port_clear_flags		equ 009h
                           B    76    
       00000000            B    77    sdc_power				equ 0		;(port_sd_c
       00000001            B    78    sdc_cs					equ 1		;(port_sd_c
       00000002            B    79    sdc_speed				equ 2 		;(port_sd_c
                           B    80    
       00000004            B    81    sdc_serializer_busy		equ 4 		;(port_hw_f
       00000005            B    82    vrt						equ 5		;(port_hw_f
                           B    83    
                           B    84    
                           B    85    ;-- Memory locations --------------------------
                           B    86    
       00000000            B    87    sysram_addr				equ 0000000h
       00800000            B    88    vram_a_addr				equ 0800000h
       00C00000            B    89    vram_b_addr				equ 0c00000h
                           B    90    
                           B    91    ;-- Hardware registers ------------------------
                           B    92    
       00FF0000            B    93    hw_palette				equ 0ff0000h
Zilog eZ80 Macro Assembler Version 4.1 (10060805)08-Aug-11     17:44:25     page:   3


PC     Object              I  Line    Source ..\..\..\..\Includes\PROSE_header.asm
       00FF0800            B    94    hw_sprite_registers		equ 0ff0800h
       00FF1000            B    95    hw_video_parameters		equ 0ff1000h
       00FF1400            B    96    hw_audio_registers		equ 0ff1400h
       00FF1800            B    97    hw_video_settings		equ 0ff1800h
                           B    98    
       00FF1000            B    99    tilemap_parameters		equ hw_video_parameters
       00FF1020            B   100    bitmap_parameters		equ hw_video_parameters
                           B   101    
       00FF1800            B   102    video_control			equ hw_video_settings+0
       00FF1801            B   103    sprite_control			equ hw_video_settings+0
       00FF1802            B   104    bgnd_palette_select		equ hw_video_settings+0
       00FF1803            B   105    sprite_palette_select	equ hw_video_settings+0
       00FF1804            B   106    right_border_position	equ hw_video_settings+0
                           B   107    
                           B   108    ;----------------------------------------------
                           B   109    
       00000A00            B   110    os_start 	equ 0a00h
                           B   111    
       00000A14            B   112    prose_return equ os_start+14h
       00000A20            B   113    prose_kernal equ os_start+20h
                           B   114    
                           B   115    ;----------------------------------------------
                           B   116    ; Kernal Jump Table values for mode PROSE
                           B   117    ;----------------------------------------------
                           B   118    		
       00000000            B   119    kr_mount_volumes				equ 00h	
       00000001            B   120    kr_get_device_info				equ 01h	
       00000002            B   121    kr_check_volume_format			equ 02h	
       00000003            B   122    kr_change_volume				equ 03h	
       00000004            B   123    kr_get_volume_info				equ 04h	
       00000005            B   124    kr_format_device				equ 05h	
       00000006            B   125    kr_make_dir						equ 06h
                           B   126    
       00000007            B   127    kr_change_dir					equ 07h	
       00000008            B   128    kr_parent_dir					equ 08h	
       00000009            B   129    kr_root_dir						equ 09h
       0000000A            B   130    kr_delete_dir					equ 0ah
       0000000B            B   131    kr_find_file					equ 0bh
       0000000C            B   132    kr_set_file_pointer				equ 0ch
       0000000D            B   133    kr_set_load_length				equ 0dh
       0000000E            B   134    kr_read_file					equ 0eh
                           B   135    
       0000000F            B   136    kr_erase_file					equ 0fh
       00000010            B   137    kr_rename_file					equ 10h
       00000011            B   138    kr_create_file					equ 11h
       00000012            B   139    kr_write_file					equ 12h
       00000013            B   140    kr_get_total_sectors			equ 13h
       00000014            B   141    kr_dir_list_first_entry			equ 14h
       00000015            B   142    kr_dir_list_get_entry			equ 15h
       00000016            B   143    kr_dir_list_next_entry			equ 16h
                           B   144    
       00000017            B   145    kr_read_sector					equ 17h
Zilog eZ80 Macro Assembler Version 4.1 (10060805)08-Aug-11     17:44:25     page:   4


PC     Object              I  Line    Source ..\..\..\..\Includes\PROSE_header.asm
       00000018            B   146    kr_write_sector					equ 18h
       00000019            B   147    kr_file_sector_list				equ 19h
       0000001A            B   148    kr_get_dir_cluster				equ 1ah
       0000001B            B   149    kr_set_dir_cluster				equ 1bh
       0000001C            B   150    kr_get_dir_name					equ 1ch
       0000001D            B   151    kr_wait_key						equ 1dh
       0000001E            B   152    kr_get_key						equ 1eh
                           B   153    
       0000001F            B   154    kr_get_key_mod_flags			equ 1fh
       00000020            B   155    kr_serial_receive_header		equ 20h
       00000021            B   156    kr_serial_receive_file			equ 21h
       00000022            B   157    kr_serial_send_file				equ 22h
       00000023            B   158    kr_serial_tx_byte				equ 23h
       00000024            B   159    kr_serial_rx_byte				equ 24h
                           B   160    
       00000025            B   161    kr_print_string					equ 25h
       00000026            B   162    kr_clear_screen					equ 26h
       00000027            B   163    kr_wait_vrt						equ 27h
       00000028            B   164    kr_set_cursor_position			equ 28h
       00000029            B   165    kr_plot_char					equ 29h
       0000002A            B   166    kr_set_pen						equ 2ah
       0000002B            B   167    kr_background_colours			equ 2bh
       0000002C            B   168    kr_draw_cursor					equ 2ch
       0000002D            B   169    kr_get_pen						equ 2dh
       0000002E            B   170    kr_scroll_up					equ 2eh
       0000002F            B   171    kr_os_display					equ 2fh
                           B   172    
       00000030            B   173    kr_get_display_size				equ 30h	
       00000030            B   174    kr_get_video_mode				equ 30h	;prefer
                           B   175    
       00000031            B   176    kr_get_charmap_addr_xy			equ 31h
       00000032            B   177    kr_get_cursor_position			equ 32h
                           B   178    
       00000033            B   179    kr_set_envar					equ 33h
       00000034            B   180    kr_get_envar					equ 34h
       00000035            B   181    kr_delete_envar					equ 35h
                           B   182    
       00000036            B   183    kr_set_mouse_window				equ 36h
       00000037            B   184    kr_get_mouse_position			equ 37h
       00000038            B   185    kr_get_mouse_motion				equ 38h
                           B   186    
       00000039            B   187    kr_time_delay					equ 39h
       0000003A            B   188    kr_compare_strings				equ 3ah
       0000003B            B   189    kr_hex_byte_to_ascii			equ 3bh
       0000003C            B   190    kr_ascii_to_hex_word			equ 3ch
       0000003D            B   191    kr_get_string					equ 3dh
                           B   192    
       0000003E            B   193    kr_get_version					equ 3eh
       0000003F            B   194    kr_dont_store_registers			equ 3fh
       00000040            B   195    kr_get_font_info				equ 40h
       00000041            B   196    kr_read_rtc						equ 41h
       00000042            B   197    kr_write_rtc					equ 42h
Zilog eZ80 Macro Assembler Version 4.1 (10060805)08-Aug-11     17:44:25     page:   5


PC     Object              I  Line    Source ..\..\..\..\Includes\PROSE_header.asm
                           B   198    
       00000043            B   199    kr_get_keymap_location			equ 43h
       00000044            B   200    kr_get_os_high_mem				equ 44h
                           B   201    
       00000045            B   202    kr_play_audio					equ 45h
       00000046            B   203    kr_disable_audio				equ 46h
       00000047            B   204    kr_get_joysticks				equ 47h
       00000048            B   205    kr_set_video_mode				equ 48h
       00000049            B   206    kr_set_cursor_image				equ 49h
       0000004A            B   207    kr_remove_cursor				equ 4ah
       0000004B            B   208    kr_char_to_font				equ 4bh
                           B   209    
                           B   210    ;----------------------------------------------
                           B   211    ; Standard PROSE executable header
                           B   212    ;----------------------------------------------
                           B   213    
                           B   214    
                           B   215    	IF ADL_mode = 0
                           B   216    		org load_location&0ffffh	; if Z80 mo
                           B   217    	ELSE
010000                     B   218    		org load_location			; otherwise
                           B   219    	ENDIF
                           B   220    	
                           B   221    		.assume ADL = 1				; All PROSE
                           B   222    
010000 18 0E               B   223    		jr skip_header				; $0 - Jump
010002 50524F              B   224    		db 'PRO'					; $2 - ASCI
010005 000001              B   225    mb_loc	dw24 load_location			; $5 - Desi
010008 000000              B   226    		dw24 0						; $8 - If >
01000B 0000                B   227    		dw prose_version_req		; $B - If >
01000D 0000                B   228    		dw amoeba_version_req		; $D - If >
01000F 01                  B   229    		db ADL_mode					; $F - Z80 
                           B   230    
010010                     B   231    skip_header
                           B   232    	
                           B   233    	IF ADL_mode = 0 
                           B   234    		
                           B   235    mbase_offset equ load_location & 0ff0000h
                           B   236    
                           B   237    		ld a,load_location/65536	; Additiona
                           B   238    		ld MB,a						; Set MBASE
                           B   239    		jp.sis go_z80_mode			; switches 
                           B   240    
                           B   241    go_z80_mode
                           B   242    
                           B   243    		.assume ADL = 0
                           B   244    
                           B   245    	ENDIF
                           B   246    	
                           B   247    ;----------------------------------------------
                           B   248    	
                           A    12    
Zilog eZ80 Macro Assembler Version 4.1 (10060805)08-Aug-11     17:44:25     page:   6


PC     Object              I  Line    Source E:\MY_OWN~1\Coding\ez80p\Code\PROSEB~1\Phil\envers\src\envers.asm
                           A    13    ;----------------------------------------------
                           A    14    ; App starts here..
                           A    15    ;----------------------------------------------
                           A    16    
010010 3E3E                A    17    my_prog		ld a,kr_get_version
010012 5BCD200A 00         A    18    			call.lil prose_kernal
                           A    19    
010017 E5                  A    20    			push hl
                           A    21    			
010018 21 7F 00 01         A    22    			ld hl,amoeba_string+2
01001C 3E3B                A    23    			ld a,kr_hex_byte_to_ascii
01001E 5BCD200A 00         A    24    			call.lil prose_kernal
010023 21 7D 00 01         A    25    			ld hl,amoeba_string
010027 5A                  A    26    			ld e,d
010028 3E3B                A    27    			ld a,kr_hex_byte_to_ascii
01002A 5BCD200A 00         A    28    			call.lil prose_kernal
                           A    29    			
01002F D1                  A    30    			pop de
                           A    31    
010030 21 73 00 01         A    32    			ld hl,prose_string+2
010034 3E3B                A    33    			ld a,kr_hex_byte_to_ascii
010036 5BCD200A 00         A    34    			call.lil prose_kernal
                           A    35    			
01003B 21 71 00 01         A    36    			ld hl,prose_string
01003F 5A                  A    37    			ld e,d
010040 3E3B                A    38    			ld a,kr_hex_byte_to_ascii
010042 5BCD200A 00         A    39    			call.lil prose_kernal
                           A    40    			
010047 21 76 00 01         A    41    			ld hl,amoeba_name
01004B 11 7D 00 01         A    42    			ld de,amoeba_string
01004F 3E33                A    43    			ld a,kr_set_envar
010051 5BCD200A 00         A    44    			call.lil prose_kernal
                           A    45    			
010056 21 6B 00 01         A    46    			ld hl,prose_name
01005A 11 71 00 01         A    47    			ld de,prose_string
01005E 3E33                A    48    			ld a,kr_set_envar
010060 5BCD200A 00         A    49    			call.lil prose_kernal
                           A    50    
010065 AF                  A    51    quit			xor a
010066 5BC3140A 00         A    52    			jp.lil prose_return
                           A    53    			
                           A    54    ;----------------------------------------------
                           A    55    
01006B 50524F53 4500       A    56    prose_name 	  db "PROSE",0
010071 78787878 00         A    57    prose_string  db "xxxx",0
010076 414D4F45 424100     A    58    amoeba_name	  db "AMOEBA",0
01007D 78787878 00         A    59    amoeba_string db "xxxx",0
                           A    60    
                           A    61    ;----------------------------------------------
                           A    62    
Zilog eZ80 Macro Assembler Version 4.1 (10060805)08-Aug-11     17:44:25     page:   7


PC     Object              I  Line    Source 


Errors: 0
Warnings: 0
Lines Assembled: 311
