Zilog eZ80 Macro Assembler Version 4.1 (10060805)26-Sep-11     18:45:04     page:   1


PC     Object              I  Line    Source 
                           A     1    
                           A     2    ; Command: "Playwav [filename]" -plays .wav fil
                           A     3    ;
                           A     4    ; Any sample size supported
                           A     5    ; wav file must be 8 bit / mono / unsigned 
                           A     6    ; Sample rate max 48800 Hz
                           A     7    
                           A     8    ;----------------------------------------------
                           A     9    
       0000010A            A    10    amoeba_version_req	equ	10ah			; 0 = d
       0000003B            A    11    prose_version_req	equ 03bh			; 0 = d
       00000001            A    12    ADL_mode			equ 1				; 0 if 
       00010000            A    13    load_location		equ 10000h			; anywh
                           A    14    
                           B     0    			include	'PROSE_header.asm'
                           B     1    
                           B     2    ;----------------------------------------------
                           B     3    
                           C     0    include "ez80_cpu_equates.asm"
                           C     1    ;--- EZ80 Internal Ports ----------------------
                           C     2    
       0000009A            C     3    PB_DR			equ 09ah
       0000009B            C     4    PB_DDR			equ 09bh
       0000009C            C     5    PB_ALT1			equ 09ch
       0000009D            C     6    PB_ALT2			equ 09dh
                           C     7    
       0000009E            C     8    PC_DR			equ 09eh
       0000009F            C     9    PC_DDR			equ 09fh
       000000A0            C    10    PC_ALT1			equ 0a0h
       000000A1            C    11    PC_ALT2			equ 0a1h
                           C    12    
       000000A2            C    13    PD_DR			equ 0a2h
       000000A3            C    14    PD_DDR			equ 0a3h
       000000A4            C    15    PD_ALT1			equ 0a4h
       000000A5            C    16    PD_ALT2			equ 0a5h
                           C    17    
       000000C0            C    18    UART0_RBR		equ 0c0h
       000000C0            C    19    UART0_THR		equ 0c0h
       000000C0            C    20    UART0_BRG_L		equ 0c0h
       000000C1            C    21    UART0_BRG_H		equ 0c1h
       000000C1            C    22    UART0_IER		equ 0c1h
       000000C2            C    23    UART0_FCTL		equ 0c2h
       000000C3            C    24    UART0_LCTL		equ 0c3h
       000000C4            C    25    UART0_MCTL		equ 0c4h
       000000C5            C    26    UART0_LSR		equ 0c5h
       000000C6            C    27    UART0_MSR		equ 0c6h
                           C    28    
       000000A8            C    29    CS0_LBR			equ 0a8h			;eZ80 wait 
       000000A9            C    30    CS0_UBR			equ 0a9h
       000000AA            C    31    CS0_CTL			equ 0aah			
       000000AB            C    32    CS1_LBR			equ 0abh			;eZ80 wait 
       000000AC            C    33    CS1_UBR			equ 0ach
Zilog eZ80 Macro Assembler Version 4.1 (10060805)26-Sep-11     18:45:04     page:   2


PC     Object              I  Line    Source ..\..\..\..\..\Includes\ez80_cpu_equates.asm
       000000AD            C    34    CS1_CTL			equ 0adh
       000000AE            C    35    CS2_LBR			equ 0aeh			;eZ80 wait 
       000000AF            C    36    CS2_UBR			equ 0afh
       000000B0            C    37    CS2_CTL			equ 0b0h
       000000B1            C    38    CS3_LBR			equ 0b1h			;eZ80 wait 
       000000B2            C    39    CS3_UBR			equ 0b2h
       000000B3            C    40    CS3_CTL			equ 0b3h
                           C    41    
       00000080            C    42    TMR0_CTL		equ 080h			;timer 0 eq
       00000081            C    43    TMR0_DR_L		equ 081h
       00000081            C    44    TMR0_RR_L		equ 081h
       00000082            C    45    TMR0_DR_H		equ 082h
       00000082            C    46    TMR0_RR_H		equ 082h
       00000092            C    47    TMR_ISS			equ 092h
                           C    48    
       00000083            C    49    TMR1_CTL		equ 083h 
       00000084            C    50    TMR1_RR_L		equ 084h
       00000085            C    51    TMR1_RR_H		equ 085h
                           C    52    
       000000ED            C    53    RTC_CTRL		equ 0edh			;RTC equate
       000000EC            C    54    RTC_ACTRL		equ 0ech
       000000E0            C    55    RTC_SEC			equ 0e0h
       000000E1            C    56    RTC_MIN			equ 0e1h
       000000E2            C    57    RTC_HRS			equ 0e2h
       000000E3            C    58    RTC_DOW			equ 0e3h
       000000E4            C    59    RTC_DOM			equ 0e4h
       000000E5            C    60    RTC_MON			equ 0e5h
       000000E6            C    61    RTC_YR			equ 0e6h
       000000E7            C    62    RTC_CEN			equ 0e7h
                           C    63    
                           C    64    ;----------------------------------------------
                           B     5    
                           C     0    include "amoeba_hardware_equates.asm"
                           C     1    ;-- AMOEBA Hardware equates -------------------
                           C     2    
       00000000            C     3    port_pic_data  			equ 000h
       00000001            C     4    port_pic_ctrl			equ 001h
       00000001            C     5    port_hw_flags			equ 001h
       00000002            C     6    port_sdc_ctrl			equ 002h	; this is a
       00000002            C     7    port_keyboard_data		equ 002h
       00000003            C     8    port_sdc_data		 	equ 003h	
       00000004            C     9    port_memory_paging		equ 004h
       00000005            C    10    port_irq_ctrl			equ 005h
       00000005            C    11    port_irq_flags			equ 005h
       00000006            C    12    port_nmi_ack			equ 006h
       00000007            C    13    port_ps2_ctrl			equ 007h
       00000008            C    14    port_selector			equ 008h
       00000006            C    15    port_mouse_data			equ 006h
       00000009            C    16    port_clear_flags			equ 009h
       0000000A            C    17    port_hw_enable			equ 00ah
                           C    18    
       00000000            C    19    sdc_power				equ 0		;(port_sd_c
Zilog eZ80 Macro Assembler Version 4.1 (10060805)26-Sep-11     18:45:04     page:   3


PC     Object              I  Line    Source ..\..\..\..\..\Includes\amoeba_hardware_equates.asm
       00000001            C    20    sdc_cs					equ 1		;(port_sd_c
       00000002            C    21    sdc_speed				equ 2 		;(port_sd_c
                           C    22    
       00000004            C    23    sdc_serializer_busy		equ 4 		;(port_hw_f
       00000005            C    24    vrt						equ 5		;(port_hw_f
                           C    25    
                           C    26    
                           C    27    ;-- Memory locations --------------------------
                           C    28    
       00000000            C    29    sysram_addr				equ 0000000h
       00800000            C    30    vram_a_addr				equ 0800000h
       00C00000            C    31    vram_b_addr				equ 0c00000h
                           C    32    
                           C    33    ;-- Hardware registers ------------------------
                           C    34    
       00FF0000            C    35    hw_palette				equ 0ff0000h
       00FF0800            C    36    hw_sprite_registers		equ 0ff0800h
       00FF1000            C    37    hw_video_parameters		equ 0ff1000h
       00FF1400            C    38    hw_audio_registers		equ 0ff1400h
       00FF1800            C    39    hw_video_settings		equ 0ff1800h
                           C    40    
       00FF1000            C    41    tilemap_parameters		equ hw_video_parameters
       00FF1020            C    42    bitmap_parameters		equ hw_video_parameters
                           C    43    
       00FF1800            C    44    video_control			equ hw_video_settings+0
       00FF1801            C    45    sprite_control			equ hw_video_settings+0
       00FF1802            C    46    bgnd_palette_select		equ hw_video_settings+0
       00FF1803            C    47    sprite_palette_select	equ hw_video_settings+0
       00FF1804            C    48    right_border_position	equ hw_video_settings+0
       00FF1805            C    49    irq_line_lo				equ hw_video_settings+0
       00FF1806            C    50    irq_line_hi				equ hw_video_settings+0
                           C    51    
                           C    52    ;----------------------------------------------
                           B     7    
                           C     0    include "prose_kernal_labels.asm"
                           C     1    ;--------- PROSE Kernal Routine labels --------
                           C     2    		
       00000000            C     3    kr_mount_volumes				equ 00h	
       00000001            C     4    kr_get_device_info				equ 01h	
       00000002            C     5    kr_check_volume_format			equ 02h	
       00000003            C     6    kr_change_volume				equ 03h	
       00000004            C     7    kr_get_volume_info				equ 04h	
       00000005            C     8    kr_format_device				equ 05h	
       00000006            C     9    kr_make_dir						equ 06h
                           C    10    
       00000007            C    11    kr_change_dir					equ 07h	
       00000008            C    12    kr_parent_dir					equ 08h	
       00000009            C    13    kr_root_dir						equ 09h
       0000000A            C    14    kr_delete_dir					equ 0ah
                           C    15    
       0000000B            C    16    kr_find_file					equ 0bh
       0000000B            C    17    kr_open_file					equ 0bh		; p
Zilog eZ80 Macro Assembler Version 4.1 (10060805)26-Sep-11     18:45:04     page:   4


PC     Object              I  Line    Source ..\..\..\..\..\Includes\prose_kernal_labels.asm
                           C    18    
       0000000C            C    19    kr_set_file_pointer				equ 0ch
       0000000D            C    20    kr_set_load_length				equ 0dh
       0000000E            C    21    kr_read_file					equ 0eh
                           C    22    
       0000000F            C    23    kr_erase_file					equ 0fh
       00000010            C    24    kr_rename_file					equ 10h
       00000011            C    25    kr_create_file					equ 11h
       00000012            C    26    kr_write_file					equ 12h
       00000013            C    27    kr_get_total_sectors			equ 13h
       00000014            C    28    kr_dir_list_first_entry			equ 14h
       00000015            C    29    kr_dir_list_get_entry			equ 15h
       00000016            C    30    kr_dir_list_next_entry			equ 16h
                           C    31    
       00000017            C    32    kr_read_sector					equ 17h
       00000018            C    33    kr_write_sector					equ 18h
       00000019            C    34    kr_file_sector_list				equ 19h
       0000001A            C    35    kr_get_dir_cluster				equ 1ah
       0000001B            C    36    kr_set_dir_cluster				equ 1bh
       0000001C            C    37    kr_get_dir_name					equ 1ch
       0000001D            C    38    kr_wait_key						equ 1dh
       0000001E            C    39    kr_get_key						equ 1eh
                           C    40    
       0000001F            C    41    kr_get_key_mod_flags			equ 1fh
       00000020            C    42    kr_serial_receive_header		equ 20h
       00000021            C    43    kr_serial_receive_file			equ 21h
       00000022            C    44    kr_serial_send_file				equ 22h
       00000023            C    45    kr_serial_tx_byte				equ 23h
       00000024            C    46    kr_serial_rx_byte				equ 24h
                           C    47    
       00000025            C    48    kr_print_string					equ 25h
       00000026            C    49    kr_clear_screen					equ 26h
       00000027            C    50    kr_wait_vrt						equ 27h
       00000028            C    51    kr_set_cursor_position			equ 28h
       00000029            C    52    kr_plot_char					equ 29h
       0000002A            C    53    kr_set_pen						equ 2ah
       0000002B            C    54    kr_background_colours			equ 2bh
       0000002C            C    55    kr_draw_cursor					equ 2ch
       0000002D            C    56    kr_get_pen						equ 2dh
       0000002E            C    57    kr_scroll_up					equ 2eh
       0000002F            C    58    kr_os_display					equ 2fh
                           C    59    
       00000030            C    60    kr_get_display_size				equ 30h	
       00000030            C    61    kr_get_video_mode				equ 30h		;pr
                           C    62    
       00000031            C    63    kr_get_charmap_addr_xy			equ 31h
       00000032            C    64    kr_get_cursor_position			equ 32h
                           C    65    
       00000033            C    66    kr_set_envar					equ 33h
       00000034            C    67    kr_get_envar					equ 34h
       00000035            C    68    kr_delete_envar					equ 35h
                           C    69    
Zilog eZ80 Macro Assembler Version 4.1 (10060805)26-Sep-11     18:45:04     page:   5


PC     Object              I  Line    Source ..\..\..\..\..\Includes\prose_kernal_labels.asm
       00000036            C    70    kr_init_mouse					equ 36h 	; n
                           C    71    
       00000037            C    72    kr_get_mouse_position			equ 37h
                           C    73    
       00000038            C    74    kr_get_mouse_motion				equ 38h
       00000038            C    75    kr_get_mouse_counters			equ 38h		;pr
                           C    76    
       00000039            C    77    kr_time_delay					equ 39h
       0000003A            C    78    kr_compare_strings				equ 3ah
       0000003B            C    79    kr_hex_byte_to_ascii			equ 3bh
       0000003C            C    80    kr_ascii_to_hex_word			equ 3ch
       0000003D            C    81    kr_get_string					equ 3dh
                           C    82    
       0000003E            C    83    kr_get_version					equ 3eh
       0000003F            C    84    kr_dont_store_registers			equ 3fh
       00000040            C    85    kr_get_font_info				equ 40h
       00000041            C    86    kr_read_rtc						equ 41h
       00000042            C    87    kr_write_rtc					equ 42h
                           C    88    
       00000043            C    89    kr_get_keymap_location			equ 43h
                           C    90    
       00000044            C    91    kr_get_os_high_mem				equ 44h
       00000044            C    92    kr_get_mem_base					equ 44h		
       00000044            C    93    kr_get_ram_base					equ 44h		;pr
                           C    94    
       00000045            C    95    kr_play_audio					equ 45h
       00000046            C    96    kr_disable_audio				equ 46h
       00000047            C    97    kr_get_joysticks				equ 47h
       00000048            C    98    kr_set_video_mode				equ 48h
       00000049            C    99    kr_set_cursor_image				equ 49h
       0000004A            C   100    kr_remove_cursor				equ 4ah
       0000004B            C   101    kr_char_to_font					equ 4bh
                           C   102    
       0000004C            C   103    kr_get_disk_sector_ptr			equ 4ch
       0000004D            C   104    kr_set_timeout					equ 4dh
       0000004E            C   105    kr_test_timeout					equ 4eh
       0000004F            C   106    kr_set_pointer					equ 4fh
       00000050            C   107    kr_allocate_ram					equ 50h
       00000051            C   108    kr_deallocate_ram				equ 51h
                           C   109    
       00000052            C   110    kr_get_mem_top					equ 52h
       00000052            C   111    kr_get_ram_top					equ 52h		;pr
                           C   112    
       00000053            C   113    kr_init_msec_counter			equ 53h
       00000054            C   114    kr_read_msec_counter			equ 54h
       00000055            C   115    kr_parse_path					equ 55h
                           C   116    
                           C   117    ;----------------------------------------------
                           B     9    
                           C     0    include "misc_system_equates.asm"
                           C     1    
                           C     2    ;-- System Equates ----------------------------
Zilog eZ80 Macro Assembler Version 4.1 (10060805)26-Sep-11     18:45:04     page:   6


PC     Object              I  Line    Source ..\..\..\..\..\Includes\misc_system_equates.asm
                           C     3    
       00000A00            C     4    os_location			equ 0a00h
                           C     5    
       00000A14            C     6    prose_return 		equ os_location + 14h
       00000A18            C     7    prose_relativize_hl	equ os_location + 18h
       00000A1C            C     8    prose_relative_call	equ os_location + 1ch
                           C     9    
       00000A20            C    10    prose_kernal 		equ os_location + 20h
                           C    11    
                           C    12    ;----------------------------------------------
                           C    13    
                           C    14    ; Add to sprite locations to position a 0,0 spr
                           C    15    
       0000009A            C    16    x_display_offset	equ 09ah
       00000025            C    17    y_display_offset	equ 025h
                           C    18    
                           C    19    ;----------------------------------------------
                           B    11    
                           B    12    ;----------------------------------------------
                           B    13    
                           B    14    prose_call : MACRO kernal_routine_required
                           B    15    	
                           B    16    	ld a,kernal_routine_required
                           B    17    	call.lil prose_kernal
                           B    18    
                           B    19    ENDMACRO prose_call
                           B    20    	
                           B    21    ;----------------------------------------------
                           B    22    ; Standard PROSE executable header
                           B    23    ;----------------------------------------------
                           B    24    
                           B    25    
                           B    26    	IF ADL_mode = 0
                           B    27    		org load_location&0ffffh	; if Z80 mo
                           B    28    	ELSE
010000                     B    29    		org load_location			; otherwise
                           B    30    	ENDIF
                           B    31    	
                           B    32    		.assume ADL = 1				; All PROSE
                           B    33    
010000 18 0E               B    34    		jr skip_header				; $0 - Jump
010002 50524F              B    35    		db 'PRO'					; $2 - ASCI
010005 000001              B    36    mb_loc	dw24 load_location			; $5 - Desi
010008 000000              B    37    		dw24 0						; $8 - If >
01000B 3B00                B    38    		dw prose_version_req		; $B - If >
01000D 0A01                B    39    		dw amoeba_version_req		; $D - If >
01000F 01                  B    40    		db ADL_mode					; $F - Z80 
                           B    41    
010010                     B    42    skip_header
                           B    43    	
                           B    44    	IF ADL_mode = 0 
                           B    45    		
Zilog eZ80 Macro Assembler Version 4.1 (10060805)26-Sep-11     18:45:04     page:   7


PC     Object              I  Line    Source ..\..\..\..\..\Includes\PROSE_header.asm
                           B    46    mbase_offset equ load_location & 0ff0000h
                           B    47    
                           B    48    		ld a,load_location/65536	; Additiona
                           B    49    		ld MB,a						; Set MBASE
                           B    50    		jp.sis go_z80_mode			; switches 
                           B    51    
                           B    52    go_z80_mode
                           B    53    
                           B    54    		.assume ADL = 0
                           B    55    
                           B    56    	ENDIF
                           B    57    	
                           B    58    ;----------------------------------------------
                           B    59    	
                           A    16    
                           A    17    ;----------------------------------------------
                           A    18    			
010010 CD 19 00 01         A    19    			call my_prog
010014 5BC3140A 00         A    20    			jp.lil prose_return
                           A    21    			
                           A    22    ;----------------------------------------------
                           A    23    
       00000008            A    24    chans equ 8								; numbe
                           A    25    
010019 7E                  A    26    my_prog		ld a,(hl)					; exami
01001A B7                  A    27    			or a			
01001B CA 6F 03 01         A    28    			jp z,show_use
                           A    29    			
01001F 11 6B 04 01         A    30    			ld de,filename				; copy 
010023 0610                A    31    			ld b,16
010025 7E                  A    32    fnclp		ld a,(hl)
010026 B7                  A    33    			or a
010027 28 09               A    34    			jr z,fncdone
010029 FE20                A    35    			cp ' '
01002B 28 05               A    36    			jr z,fncdone
01002D 12                  A    37    			ld (de),a
01002E 23                  A    38    			inc hl
01002F 13                  A    39    			inc de
010030 10 F3               A    40    			djnz fnclp
010032 AF                  A    41    fncdone		xor a
010033 12                  A    42    			ld (de),a					; null 
                           A    43    
010034 21 5F 04 01         A    44    			ld hl,loading_txt
                           A    45    			prose_call kr_print_string
                           A    46    			
                           A    47    ;----------------------------------------------
                           A    48    
01003F 3E81                A    49    			ld a,081h
010041 ED390A              A    50    			out0 (port_hw_enable),a		; ensur
                           A    51    
010044 CD 4B 03 01         A    52    			call silence_all_channels
                           A    53    	
Zilog eZ80 Macro Assembler Version 4.1 (10060805)26-Sep-11     18:45:04     page:   8


PC     Object              I  Line    Source E:\MY_OWN~1\Coding\ez80p\Code\PROSEB~1\Phil\EXTERN~1\playwav\src\playwav.asm
010048 21 6B 04 01         A    54    			ld hl,filename				; does 
                           A    55    			prose_call kr_open_file
010053 C0                  A    56    			ret nz
                           A    57    				
010054 0E00                A    58    			ld c,0
010056 112C0000            A    59    			ld de,44
                           A    60    			prose_call kr_set_load_length
                           A    61    				
010061 21 99 04 01         A    62    			ld hl,wav_header
                           A    63    			prose_call kr_read_file		; load 
01006C C0                  A    64    			ret nz	
                           A    65    				
01006D DD21 99 04 01       A    66    			ld ix,wav_header			; check
010072 DD7E08              A    67    			ld a,(ix+8)					
010075 FE57                A    68    			cp 'W'
010077 C2 7C 03 01         A    69    			jp nz,notwav
01007B DD7E09              A    70    			ld a,(ix+9)
01007E FE41                A    71    			cp 'A'
010080 C2 7C 03 01         A    72    			jp nz,notwav
010084 DD7E16              A    73    			ld a,(ix+22)				; 1 = m
010087 FE01                A    74    			cp 1
010089 C2 82 03 01         A    75    			jp nz,badwavtype
01008D DD7E20              A    76    			ld a,(ix+32)				; 1 = 8
010090 FE01                A    77    			cp 1
010092 C2 82 03 01         A    78    			jp nz,badwavtype
                           A    79    
010096 21000000            A    80    			ld hl,0						; conve
01009A AF                  A    81    			xor a						; a:hl 
01009B 11CCAB00            A    82    			ld de,43980					; c:de 
01009F 0E00                A    83    			ld c,0
0100A1 0610                A    84    			ld b,16
0100A3 DDCB193E            A    85    mult_lp		srl (ix+25)					; 24:25
0100A7 DDCB181E            A    86    			rr (ix+24)
0100AB 30 02               A    87    			jr nc,mult_no_add
0100AD 19                  A    88    			add hl,de
0100AE 89                  A    89    			adc a,c
0100AF EB                  A    90    mult_no_add	ex de,hl
0100B0 29                  A    91    			add hl,hl
0100B1 CB11                A    92    			rl c
0100B3 EB                  A    93    			ex de,hl
0100B4 10 ED               A    94    			djnz mult_lp
0100B6 22 91 04 01         A    95    			ld (mult32_result),hl
0100BA 32 94 04 01         A    96    			ld (mult32_result+3),a
0100BE 2A 93 04 01         A    97    			ld hl,(mult32_result+2)
0100C2 29                  A    98    			add hl,hl
0100C3 22 96 04 01         A    99    			ld (frequency_constant),hl
                           A   100    			
                           A   101    				
0100C7 DD2728              A   102    			ld hl,(ix+40)
0100CA DD7E2B              A   103    			ld a,(ix+43)				; a:hl 
0100CD 22 8C 04 01         A   104    			ld (samp_len_lo),hl
0100D1 32 8F 04 01         A   105    			ld (samp_len_hi),a
Zilog eZ80 Macro Assembler Version 4.1 (10060805)26-Sep-11     18:45:04     page:   9


PC     Object              I  Line    Source E:\MY_OWN~1\Coding\ez80p\Code\PROSEB~1\Phil\EXTERN~1\playwav\src\playwav.asm
0100D5 B7                  A   106    			or a
0100D6 C2 8D 01 01         A   107    			jp nz,long_samp				; is sa
0100DA 11010002            A   108    			ld de,20001h
0100DE AF                  A   109    			xor a
0100DF ED52                A   110    			sbc hl,de
0100E1 D2 8D 01 01         A   111    			jp nc,long_samp
                           A   112    			
                           A   113    ;----------------------------------------------
                           A   114    
0100E5 21 6B 04 01         A   115    short_samp	ld hl,filename						                           A   116    			prose_call kr_open_file
0100F0 C0                  A   117    			ret nz
                           A   118    			
0100F1 0E00                A   119    			ld c,0
0100F3 112C0000            A   120    			ld de,44
                           A   121    			prose_call kr_set_file_pointer
                           A   122    			
0100FE 210000C0            A   123    			ld hl,vram_b_addr					                           A   124    			prose_call kr_read_file				010109 C0                  A   125    			ret nz
                           A   126    			
01010A 210000C0            A   127    			ld hl,vram_b_addr					01010E CD 40 03 01         A   128    			call convert_samples
010112 210000C1            A   129    			ld hl,vram_b_addr+10000h			010116 CD 40 03 01         A   130    			call convert_samples
                           A   131    
01011A 3EFF                A   132    			ld a,0ffh							01011C 328014FF            A   133    			ld (hw_audio_registers+80h),a		010120 DD210014 FF         A   134    			ld ix,hw_audio_registers			010125 0608                A   135    			ld b,chans
010127 110000C0            A   136    initchlp1	ld de,vram_b_addr
01012B DD1F00              A   137    			ld (ix+00h),de						01012E ED5B 8C 04 01       A   138    			ld de,(samp_len_lo)
010133 DD1F04              A   139    			ld (ix+04h),de						010136 ED5B 96 04 01       A   140    			ld de,(frequency_constant)
01013B DD1F08              A   141    			ld (ix+08h),de						01013E DD360C40            A   142    			ld (ix+0ch),40h						010142 DD360E00            A   143    			ld (ix+0eh),0
010146 DD360F03            A   144    			ld (ix+0fh),011b					01014A ED3210              A   145    			lea ix,ix+16
01014D 10 D8               A   146    			djnz initchlp1
01014F AF                  A   147    			xor a
010150 328014FF            A   148    			ld (hw_audio_registers+80h),a		                           A   149    
010154 CD 22 03 01         A   150    			call wait_audio_swap				                           A   151    
010158 3EFF                A   152    			ld a,0ffh
01015A 328014FF            A   153    			ld (hw_audio_registers+80h),a		01015E DD210014 FF         A   154    			ld ix,hw_audio_registers			010163 0608                A   155    			ld b,chans
010165 210000C0            A   156    initchlp2	ld hl,vram_b_addr
010169 ED5B 8C 04 01       A   157    			ld de,(samp_len_lo)					Zilog eZ80 Macro Assembler Version 4.1 (10060805)26-Sep-11     18:45:04     page:  10


PC     Object              I  Line    Source E:\MY_OWN~1\Coding\ez80p\Code\PROSEB~1\Phil\EXTERN~1\playwav\src\playwav.asm
01016E 19                  A   158    			add hl,de
01016F 2B                  A   159    			dec hl
010170 DD2F00              A   160    			ld (ix+00h),hl						010173 11010000            A   161    			ld de,1
010177 DD1F04              A   162    			ld (ix+04h),de						01017A DD360E00            A   163    			ld (ix+0eh),0
01017E DD360F00            A   164    			ld (ix+0fh),000b					010182 ED3210              A   165    			lea ix,ix+16
010185 10 DE               A   166    			djnz initchlp2
010187 AF                  A   167    			xor a
010188 328014FF            A   168    			ld (hw_audio_registers+80h),a		01018C C9                  A   169    			ret
                           A   170    						
                           A   171    ;----------------------------------------------
                           A   172    
01018D AF                  A   173    long_samp	xor a
01018E 32 8B 04 01         A   174    			ld (buffer),a
                           A   175    				
010192 21 6B 04 01         A   176    			ld hl,filename						                           A   177    			prose_call kr_open_file
01019D C0                  A   178    			ret nz
                           A   179    			
01019E 0E00                A   180    			ld c,0
0101A0 112C0000            A   181    			ld de,44
                           A   182    			prose_call kr_set_file_pointer
                           A   183    
0101AB 0E00                A   184    			ld c,0								0101AD 11000002            A   185    			ld de,20000h
                           A   186    			prose_call kr_set_load_length
                           A   187    			 
0101B8 210000C0            A   188    			ld hl,vram_b_addr					                           A   189    			prose_call kr_read_file				0101C3 C0                  A   190    			ret nz
0101C4 210000C0            A   191    			ld hl,vram_b_addr
0101C8 CD 40 03 01         A   192    			call convert_samples				0101CC 210000C1            A   193    			ld hl,vram_b_addr+10000h
0101D0 CD 40 03 01         A   194    			call convert_samples				                           A   195    						
0101D4 2A 8C 04 01         A   196    			ld hl,(samp_len_lo)					0101D8 3A 8F 04 01         A   197    			ld a,(samp_len_hi)
0101DC 0600                A   198    			ld b,0
0101DE 11000002            A   199    			ld de,20000h
0101E2 AF                  A   200    			xor a
0101E3 ED52                A   201    			sbc hl,de
0101E5 98                  A   202    			sbc a,b
0101E6 22 8C 04 01         A   203    			ld (samp_len_lo),hl
0101EA 32 8F 04 01         A   204    			ld (samp_len_hi),a
                           A   205    			
0101EE 3EFF                A   206    			ld a,0ffh
0101F0 328014FF            A   207    			ld (hw_audio_registers+80h),a
0101F4 DD210014 FF         A   208    			ld ix,hw_audio_registers			0101F9 0608                A   209    			ld b,chans
Zilog eZ80 Macro Assembler Version 4.1 (10060805)26-Sep-11     18:45:04     page:  11


PC     Object              I  Line    Source E:\MY_OWN~1\Coding\ez80p\Code\PROSEB~1\Phil\EXTERN~1\playwav\src\playwav.asm
0101FB 110000C0            A   210    initchlp3	ld de,vram_b_addr
0101FF DD1F00              A   211    			ld (ix+00h),de						010202 11000001            A   212    			ld de,65536
010206 DD1F04              A   213    			ld (ix+04h),de						010209 ED5B 96 04 01       A   214    			ld de,(frequency_constant)
01020E DD1F08              A   215    			ld (ix+08h),de						010211 DD360C40            A   216    			ld (ix+0ch),40h						010215 DD360E00            A   217    			ld (ix+0eh),0
010219 DD360F03            A   218    			ld (ix+0fh),011b					01021D ED3210              A   219    			lea ix,ix+16
010220 10 D9               A   220    			djnz initchlp3
010222 AF                  A   221    			xor a
010223 328014FF            A   222    			ld (hw_audio_registers+80h),a		                           A   223    			
010227 CD 22 03 01         A   224    			call wait_audio_swap				                           A   225    			
01022B 3EFF                A   226    			ld a,0ffh
01022D 328014FF            A   227    			ld (hw_audio_registers+80h),a
010231 DD210014 FF         A   228    			ld ix,hw_audio_registers			010236 0608                A   229    			ld b,chans
010238 110000C1            A   230    initchlp4	ld de,vram_b_addr+65536
01023C DD1F00              A   231    			ld (ix+00h),de						01023F 11000001            A   232    			ld de,65536
010243 DD1F04              A   233    			ld (ix+04h),de						010246 DD360E00            A   234    			ld (ix+0eh),0
01024A DD360F02            A   235    			ld (ix+0fh),010b					01024E ED3210              A   236    			lea ix,ix+16
010251 10 E5               A   237    			djnz initchlp4
010253 AF                  A   238    			xor a
010254 328014FF            A   239    			ld (hw_audio_registers+80h),a		                           A   240    			
010258 CD 22 03 01         A   241    ls_loop		call wait_audio_swap				01025C C2 1C 03 01         A   242    			jp nz,quit
                           A   243    			
010260 0E00                A   244    			ld c,0								010262 11000001            A   245    			ld de,10000h
                           A   246    			prose_call kr_set_load_length
                           A   247    
01026D 210000C0            A   248    			ld hl,vram_b_addr					010271 3A 8B 04 01         A   249    			ld a,(buffer)
010275 B7                  A   250    			or a
010276 28 04               A   251    			jr z,load_buf0
010278 210000C1            A   252    			ld hl,vram_b_addr+10000h
                           A   253    			
01027C E5                  A   254    load_buf0	push hl
                           A   255    			prose_call kr_read_file				010284 E1                  A   256    			pop hl
010285 F5                  A   257    			push af
010286 CD 40 03 01         A   258    			call convert_samples
01028A F1                  A   259    			pop af
01028B 20 26               A   260    			jr nz,last_load						                           A   261    			
Zilog eZ80 Macro Assembler Version 4.1 (10060805)26-Sep-11     18:45:04     page:  12


PC     Object              I  Line    Source E:\MY_OWN~1\Coding\ez80p\Code\PROSEB~1\Phil\EXTERN~1\playwav\src\playwav.asm
01028D 2A 8C 04 01         A   262    			ld hl,(samp_len_lo)					010291 3A 8F 04 01         A   263    			ld a,(samp_len_hi)
010295 0600                A   264    			ld b,0
010297 11000001            A   265    			ld de,10000h
01029B AF                  A   266    			xor a
01029C ED52                A   267    			sbc hl,de
01029E 98                  A   268    			sbc a,b
01029F 22 8C 04 01         A   269    			ld (samp_len_lo),hl
0102A3 32 8F 04 01         A   270    			ld (samp_len_hi),a
                           A   271    			
0102A7 3A 8B 04 01         A   272    			ld a,(buffer)
0102AB EE01                A   273    			xor 1
0102AD 32 8B 04 01         A   274    			ld (buffer),a						0102B1 18 A5               A   275    			jr ls_loop
                           A   276    					
                           A   277    
0102B3 DD210014 FF         A   278    last_load	ld ix,hw_audio_registers			0102B8 0608                A   279    			ld b,chans
0102BA 3EFF                A   280    			ld a,0ffh
0102BC 328014FF            A   281    			ld (hw_audio_registers+80h),a		0102C0 ED5B 8C 04 01       A   282    initchlp5	ld de,(samp_len_lo)
0102C5 DD1F04              A   283    			ld (ix+04h),de						0102C8 DD360F02            A   284    			ld (ix+0fh),010b					0102CC ED3210              A   285    			lea ix,ix+16
0102CF 10 EF               A   286    			djnz initchlp5
0102D1 AF                  A   287    			xor a
0102D2 328014FF            A   288    			ld (hw_audio_registers+80h),a		                           A   289    			
0102D6 CD 22 03 01         A   290    es_loop		call wait_audio_swap
0102DA C2 1C 03 01         A   291    			jp nz,quit
                           A   292    							
0102DE 210000C0            A   293    			ld hl,vram_b_addr					0102E2 3A 8B 04 01         A   294    			ld a,(buffer)
0102E6 B7                  A   295    			or a
0102E7 28 04               A   296    			jr z,zero_buf0
0102E9 210000C1            A   297    			ld hl,vram_b_addr+10000h
0102ED 3600                A   298    zero_buf0	ld (hl),0h
                           A   299    
0102EF 3EFF                A   300    			ld a,0ffh
0102F1 328014FF            A   301    			ld (hw_audio_registers+80h),a
0102F5 DD210014 FF         A   302    			ld ix,hw_audio_registers			0102FA 0608                A   303    			ld b,chans
0102FC DD2F00              A   304    initchlp6	ld (ix+00h),hl						0102FF 11010000            A   305    			ld de,1
010303 DD1F04              A   306    			ld (ix+04h),de						010306 DD360E00            A   307    			ld (ix+0eh),0
01030A DD360F00            A   308    			ld (ix+0fh),000b					01030E ED3210              A   309    			lea ix,ix+16
010311 10 E9               A   310    			djnz initchlp6
010313 AF                  A   311    			xor a
010314 328014FF            A   312    			ld (hw_audio_registers+80h),a		                           A   313    
Zilog eZ80 Macro Assembler Version 4.1 (10060805)26-Sep-11     18:45:04     page:  13


PC     Object              I  Line    Source E:\MY_OWN~1\Coding\ez80p\Code\PROSEB~1\Phil\EXTERN~1\playwav\src\playwav.asm
010318 CD 22 03 01         A   314    			call wait_audio_swap
                           A   315    			
01031C CD 4B 03 01         A   316    quit		call silence_all_channels
010320 AF                  A   317    			xor a
010321 C9                  A   318    			ret
                           A   319    
                           A   320    
                           A   321    ;----------------------------------------------
                           A   322    
010322                     A   323    wait_audio_swap
                           A   324    
010322 AF                  A   325    			xor a
010323 ED3908              A   326    			out0 (port_selector),a
                           A   327    			
010326 320E14FF            A   328    			ld (hw_audio_registers+0eh),a		                           A   329    
01032A                     A   330    was_lp		prose_call kr_get_key				010331 FE76                A   331    			cp 76h
010333 20 02               A   332    			jr nz,nwasquit
010335 B7                  A   333    			or a
010336 C9                  A   334    			ret
                           A   335    			
010337 ED3801              A   336    nwasquit	in0 a,(port_hw_flags)				01033A CB77                A   337    			bit 6,a
01033C 28 EC               A   338    			jr z,was_lp
01033E AF                  A   339    			xor a
01033F C9                  A   340    			ret
                           A   341    			
                           A   342    
                           A   343    ;----------------------------------------------
                           A   344    
010340                     A   345    convert_samples
                           A   346    
                           A   347    ; set HL to start address of samples in VRAM_B
                           A   348    
010340 7E                  A   349    cslp			ld a,(hl)
010341 D680                A   350    				sub 80h
010343 77                  A   351    				ld (hl),a
010344 2C                  A   352    				inc l
010345 20 F9               A   353    				jr nz,cslp
010347 24                  A   354    				inc h
010348 20 F6               A   355    				jr nz,cslp
01034A C9                  A   356    				ret
                           A   357    
                           A   358    
                           A   359    ;----------------------------------------------
                           A   360    
01034B                     A   361    silence_all_channels
                           A   362    
01034B 3EFF                A   363    				ld a,0ffh
01034D 328014FF            A   364    				ld (hw_audio_registers+80h),a	                           A   365    			
Zilog eZ80 Macro Assembler Version 4.1 (10060805)26-Sep-11     18:45:04     page:  14


PC     Object              I  Line    Source E:\MY_OWN~1\Coding\ez80p\Code\PROSEB~1\Phil\EXTERN~1\playwav\src\playwav.asm
010351 DD210014 FF         A   366    				ld ix,hw_audio_registers		010356 0608                A   367    				ld b,8
010358 11000000            A   368    				ld de,0
01035C DD360F00            A   369    novol_lp		ld (ix+0fh),0					010360 DD360C00            A   370    				ld (ix+0ch),0					010364 ED3210              A   371    				lea ix,ix+16
010367 10 F3               A   372    				djnz novol_lp
                           A   373    
010369 AF                  A   374    				xor a
01036A 328014FF            A   375    				ld (hw_audio_registers+80h),a	01036E C9                  A   376    				ret
                           A   377    
                           A   378    ;----------------------------------------------
                           A   379    
01036F 21 04 04 01         A   380    show_use		ld hl,use_txt
                           A   381    
010373                     A   382    msg_exit		prose_call kr_print_string
01037A AF                  A   383    				xor a
01037B C9                  A   384    				ret
                           A   385    
01037C 21 8E 03 01         A   386    notwav			ld hl,notwav_txt
010380 18 F1               A   387    				jr msg_exit
                           A   388    				
010382 21 AF 03 01         A   389    badwavtype		ld hl,badwav_txt
010386 18 EB               A   390    				jr msg_exit
                           A   391    
010388 21 D9 03 01         A   392    sampratebad		ld hl,samprate_txt
01038C 18 E5               A   393    				jr msg_exit	
                           A   394    
                           A   395    ;----------------------------------------------
                           A   396    
01038E 4572726F 72202D20   A   397    notwav_txt		db "Error - Not a .wav format f
010396 4E6F7420 61202E77 
01039E 61762066 6F726D61 
0103A6 74206669 6C65210B 
0103AE 00 
                           A   398    
0103AF 4572726F 72202D20   A   399    badwav_txt		db "Error - Wav file is not a p
0103B7 57617620 66696C65 
0103BF 20697320 6E6F7420 
0103C7 6120706C 61796162 
0103CF 6C652074 79706521 
0103D7 0B00 
                           A   400    
0103D9 4572726F 72202D20   A   401    samprate_txt	db "Error - Wav file sample rat
0103E1 57617620 66696C65 
0103E9 2073616D 706C6520 
0103F1 72617465 20697320 
0103F9 746F6F20 68696768 
010401 210B00 
                           A   402    
010404 0B555345 3A20504C   A   403    use_txt			db 11,"USE: PLAYWAV [filename]"
Zilog eZ80 Macro Assembler Version 4.1 (10060805)26-Sep-11     18:45:04     page:  15


PC     Object              I  Line    Source E:\MY_OWN~1\Coding\ez80p\Code\PROSEB~1\Phil\EXTERN~1\playwav\src\playwav.asm
01040C 41595741 56205B66 
010414 696C656E 616D655D 
01041C 0B0B 
01041E 57617620 66696C65   A   404    				db "Wav file must be 8 bit, mon
010426 206D7573 74206265 
01042E 20382062 69742C20 
010436 6D6F6E6F 2C205043 
01043E 4D207769 74682073 
010446 616D706C 65207261 
01044E 7465203C 3D203438 
010456 38323820 4B487A0B 
01045E 00 
                           A   405    	
01045F 4C6F6164 696E672E   A   406    loading_txt		db "Loading...",11,0
010467 2E2E0B00 
                           A   407    
01046B 00 00 00 00 00 00   A   408    filename		blkb 32,0
010471 00 00 00 00 00 00 
010477 00 00 00 00 00 00 
01047D 00 00 00 00 00 00 
010483 00 00 00 00 00 00 
010489 00 00 
                           A   409    
01048B 00                  A   410    buffer			db 0
                           A   411    
01048C 000000              A   412    samp_len_lo		dw24 0
01048F 0000                A   413    samp_len_hi		dw 0
                           A   414    
010491 00000000 00         A   415    mult32_result		db 0,0,0,0,0			;5 
                           A   416    
010496 000000              A   417    frequency_constant	dw24 0 		
                           A   418    
010499 00 00 00 00 00 00   A   419    wav_header			blkb 44,0
01049F 00 00 00 00 00 00 
0104A5 00 00 00 00 00 00 
0104AB 00 00 00 00 00 00 
0104B1 00 00 00 00 00 00 
0104B7 00 00 00 00 00 00 
0104BD 00 00 00 00 00 00 
0104C3 00 00 
                           A   420    
                           A   421    ;----------------------------------------------


Errors: 0
Warnings: 0
Lines Assembled: 778
