MPASM  5.31                 POWER_CONTROL.ASM   4-19-2011  17:24:32         PAGE  1


LOC  OBJECT CODE     LINE SOURCE TEXT
  VALUE

                      00001 ; ------------------------------------------------------------
                      00002 ; PIC 12F629 - single button power cycle
                      00003 ; ------------------------------------------------------------
                      00004 ; By Phil Ruston 2011
                      00005 ; Version : V1.00
                      00006  
                      00007 ; Press button on GPIO3 to select power on, then press again to power off
                      00008 
                      00009 ; Button should pull GPIO3 to GND, requires external Pull up resistor
                      00010 ; Power output control is on GPIO4
                      00011 
                      00012 ;------- MASM directives -----------------------------------------------------------------------
                      00013 
                      00014         list      p=12f629           ; list directive to define processor
                      00015         #include <p12f629.inc>       ; processor specific variable definitions
                      00001         LIST
                      00002 ; P12F629.INC  Standard Header File, Version 1.04    Microchip Technology, Inc.
                      00258         LIST
                      00016 
                      00017 ;------ Chip configuration -------------------------------------------------------------------
                      00018 
2007   3184           00019         __CONFIG   0xF1FF & _CP_OFF & _CPD_OFF & _BODEN_OFF & _MCLRE_OFF & _WDT_OFF & _PWRTE_ON & _INTRC
                            _OSC_NOCLKOUT  
                      00020         
                      00021 ;--------------------------------------------------------------------------------------------
                      00022 
                      00023         #define bank0             bcf STATUS,RP0               ;macros
                      00024         #define bank1             bsf STATUS,RP0
                      00025         #define skipifzero        btfss STATUS,Z        
                      00026         #define skipifnotzero     btfsc STATUS,Z
                      00027         #define skipifcarry       btfss STATUS,C        
                      00028         #define skipifnotcarry    btfsc STATUS,C
                      00029         
                      00030         errorlevel  -302              ; suppress message 302 from list file
                      00031 
                      00032 
                      00033 ;***** VARIABLE DEFINITIONS (Chip register locations) ----------------------------------------
                      00034 
  00000020            00035 w_temp                  EQU     0x20
  00000021            00036 status_temp             EQU     0x21
  00000022            00037 count1                  equ             0x22
  00000023            00038 count2                  equ     0x23
                      00039 
  00000003            00040 button                  equ             3                               ; button connected from GPIO 3 t
                            o GND (req ext pull up)
  00000004            00041 mainpower               equ             4                               ; main power connected to GPIO 4
                      00042 
                      00043 ;********************************************************************************************
                      00044 ;********** Generic Code Header *************************************************************
                      00045 ;********************************************************************************************
                      00046 
0000                  00047                         ORG     0x000                    ; processor reset vector
0000   2805           00048                         goto    mainstart                ; go to beginning of program
MPASM  5.31                 POWER_CONTROL.ASM   4-19-2011  17:24:32         PAGE  2


LOC  OBJECT CODE     LINE SOURCE TEXT
  VALUE

                      00049 
0004                  00050                         ORG     0x004                    ; interrupt vector location
0004   0009           00051                         retfie                           ; return from interrupt
                      00052 
                      00053 ; --- Calibrate internal oscillator  ----------------------------------------------------------
                      00054 
0005   23FF           00055 mainstart       call    0x3FF                   ; retrieve factory calibration value
0006   1683           00056                         bank1                                           ; set file register bank to 1 
0007   0090           00057                         movwf   OSCCAL                  ; update register with factory cal value 
0008   1283           00058                         bank0
                      00059 
                      00060 ; --- Initialization -------------------------------------------------------------------------
                      00061 
0009   3000           00062                         movlw 0                                         ; Zero port at init
000A   0085           00063                         movwf GPIO                                      
000B   303F           00064                         movlw b'00111111'               
000C   0099           00065                         movwf CMCON                                     ; All GPIO pins in digital mode 
                            - part 1
                      00066 
000D   1683           00067                         bank1
                      00068 ;                       clrf ANSEL                                      ; set all GPIOs to digital mode 
                            - part 2 (only required for 12f675)
000E   3008           00069                         movlw b'00001000'
000F   0085           00070                         movwf TRISIO                            ; set GPIO dirs (GPIO3 is always an inpu
                            t on 12f629 / 12f675)
0010   0195           00071                         clrf WPU                                        ; all pull-ups off (GPIO3 doesnt
                             have one)
0011   1283           00072                         bank0
                      00073 
                      00074 ;----------- Begin Operations ---------------------------------------------------------------
                      00075 
0012   2024           00076 mainloop        call waitbutton_release
                      00077                         
0013   201A           00078                         call waitbutton_press
0014   3010           00079                         movlw (1<<mainpower)
0015   0085           00080                         movwf GPIO                                              ; main power on
                      00081                         
0016   2024           00082                         call waitbutton_release
                      00083 
0017   201A           00084                         call waitbutton_press
0018   0185           00085                         clrf GPIO                                               ; main power off
0019   2812           00086                         goto mainloop
                      00087                 
                      00088 ;--------------------------------------------------------------------------------------------
                      00089         
001A                  00090 waitbutton_press
                      00091 
001A   01A3           00092                         clrf count2                                             ; count must reach about
                             0.25 seconds                            
001B   01A2           00093                         clrf count1                                             ; 
001C   1985           00094 swlp1           btfsc GPIO,button                               ; if button is released restart count   
001D   281A           00095                         goto waitbutton_press
001E   0000           00096                         nop
MPASM  5.31                 POWER_CONTROL.ASM   4-19-2011  17:24:32         PAGE  3


LOC  OBJECT CODE     LINE SOURCE TEXT
  VALUE

001F   0FA2           00097                         incfsz count1,f                 
0020   281C           00098                         goto swlp1                      
0021   0FA3           00099                         incfsz count2,f                 
0022   281C           00100                         goto swlp1
0023   0008           00101                         return
                      00102 
                      00103 
0024                  00104 waitbutton_release
                      00105 
0024   01A3           00106                         clrf count2                                             ; wait must reach about 
                            0.25 seconds                             
0025   01A2           00107                         clrf count1                                             ; 
0026   1D85           00108 swlp2           btfss GPIO,button                               ; if button is released restart count   
0027   2824           00109                         goto waitbutton_release
0028   0000           00110                         nop
0029   0FA2           00111                         incfsz count1,f                 
002A   2826           00112                         goto swlp2                      
002B   0FA3           00113                         incfsz count2,f                 
002C   2826           00114                         goto swlp2
002D   0008           00115                         return
                      00116 
                      00117 
                      00118 ;********************************************************************************************
                      00119 
                      00120                         END                       ; directive 'end of program'
MPASM  5.31                 POWER_CONTROL.ASM   4-19-2011  17:24:32         PAGE  4


SYMBOL TABLE
  LABEL                             VALUE 

ADIE                              00000006
ADIF                              00000006
C                                 00000000
CAL0                              00000002
CAL1                              00000003
CAL2                              00000004
CAL3                              00000005
CAL4                              00000006
CAL5                              00000007
CINV                              00000004
CIS                               00000003
CM0                               00000000
CM1                               00000001
CM2                               00000002
CMCON                             00000019
CMIE                              00000003
CMIF                              00000003
COUT                              00000006
DC                                00000001
EEADR                             0000009B
EECON1                            0000009C
EECON2                            0000009D
EEDAT                             0000009A
EEDATA                            0000009A
EEIE                              00000007
EEIF                              00000007
F                                 00000001
FSR                               00000004
GIE                               00000007
GP0                               00000000
GP1                               00000001
GP2                               00000002
GP3                               00000003
GP4                               00000004
GP5                               00000005
GPIE                              00000003
GPIF                              00000000
GPIO                              00000005
GPIO0                             00000000
GPIO1                             00000001
GPIO2                             00000002
GPIO3                             00000003
GPIO4                             00000004
GPIO5                             00000005
INDF                              00000000
INTCON                            0000000B
INTE                              00000004
INTEDG                            00000006
INTF                              00000001
IOC                               00000096
IOC0                              00000000
IOC1                              00000001
IOC2                              00000002
MPASM  5.31                 POWER_CONTROL.ASM   4-19-2011  17:24:32         PAGE  5


SYMBOL TABLE
  LABEL                             VALUE 

IOC3                              00000003
IOC4                              00000004
IOC5                              00000005
IOCB                              00000096
IOCB0                             00000000
IOCB1                             00000001
IOCB2                             00000002
IOCB3                             00000003
IOCB4                             00000004
IOCB5                             00000005
IRP                               00000007
NOT_BOD                           00000000
NOT_GPPU                          00000007
NOT_PD                            00000003
NOT_POR                           00000001
NOT_T1SYNC                        00000002
NOT_TO                            00000004
OPTION_REG                        00000081
OSCCAL                            00000090
PCL                               00000002
PCLATH                            0000000A
PCON                              0000008E
PEIE                              00000006
PIE1                              0000008C
PIR1                              0000000C
PS0                               00000000
PS1                               00000001
PS2                               00000002
PSA                               00000003
RD                                00000000
RP0                               00000005
RP1                               00000006
STATUS                            00000003
T0CS                              00000005
T0IE                              00000005
T0IF                              00000002
T0SE                              00000004
T1CKPS0                           00000004
T1CKPS1                           00000005
T1CON                             00000010
T1IE                              00000000
T1IF                              00000000
T1OSCEN                           00000003
TMR0                              00000001
TMR1CS                            00000001
TMR1GE                            00000006
TMR1H                             0000000F
TMR1IE                            00000000
TMR1IF                            00000000
TMR1L                             0000000E
TMR1ON                            00000000
TRISIO                            00000085
VR0                               00000000
MPASM  5.31                 POWER_CONTROL.ASM   4-19-2011  17:24:32         PAGE  6


SYMBOL TABLE
  LABEL                             VALUE 

VR1                               00000001
VR2                               00000002
VR3                               00000003
VRCON                             00000099
VREN                              00000007
VRR                               00000005
W                                 00000000
WPU                               00000095
WR                                00000001
WREN                              00000002
WRERR                             00000003
Z                                 00000002
_BODEN_OFF                        00003FBF
_BODEN_ON                         00003FFF
_CPD_OFF                          00003FFF
_CPD_ON                           00003EFF
_CP_OFF                           00003FFF
_CP_ON                            00003F7F
_EC_OSC                           00003FFB
_EXTRC_OSC_CLKOUT                 00003FFF
_EXTRC_OSC_NOCLKOUT               00003FFE
_HS_OSC                           00003FFA
_INTRC_OSC_CLKOUT                 00003FFD
_INTRC_OSC_NOCLKOUT               00003FFC
_LP_OSC                           00003FF8
_MCLRE_OFF                        00003FDF
_MCLRE_ON                         00003FFF
_PWRTE_OFF                        00003FFF
_PWRTE_ON                         00003FEF
_WDT_OFF                          00003FF7
_WDT_ON                           00003FFF
_XT_OSC                           00003FF9
__12F629                          00000001
bank0                             bcf STATUS,RP0
bank1                             bsf STATUS,RP0
button                            00000003
count1                            00000022
count2                            00000023
mainloop                          00000012
mainpower                         00000004
mainstart                         00000005
skipifcarry                       btfss STATUS,C
skipifnotcarry                    btfsc STATUS,C
skipifnotzero                     btfsc STATUS,Z
skipifzero                        btfss STATUS,Z
status_temp                       00000021
swlp1                             0000001C
swlp2                             00000026
w_temp                            00000020
waitbutton_press                  0000001A
waitbutton_release                00000024
MPASM  5.31                 POWER_CONTROL.ASM   4-19-2011  17:24:32         PAGE  7


MEMORY USAGE MAP ('X' = Used,  '-' = Unused)


0000 : X---XXXXXXXXXXXX XXXXXXXXXXXXXXXX XXXXXXXXXXXXXX-- ----------------
2000 : -------X-------- ---------------- ---------------- ----------------

All other memory blocks unused.

Program Memory Words Used:    43
Program Memory Words Free:   981


Errors   :     0
Warnings :     0 reported,     0 suppressed
Messages :     0 reported,     3 suppressed

